[INFO][2017-05-01 16:19:20,008][org.springframework.web.context.ContextLoader]Root WebApplicationContext: initialization started
[INFO][2017-05-01 16:19:20,048][org.springframework.web.context.support.XmlWebApplicationContext]Refreshing Root WebApplicationContext: startup date [Mon May 01 16:19:20 CST 2017]; root of context hierarchy
[INFO][2017-05-01 16:19:20,092][org.springframework.beans.factory.xml.XmlBeanDefinitionReader]Loading XML bean definitions from file [D:\java\workspace\eclipse\myapp\target\classes\spring-context.xml]
[INFO][2017-05-01 16:19:20,169][org.springframework.beans.factory.xml.XmlBeanDefinitionReader]Loading XML bean definitions from file [D:\java\workspace\eclipse\myapp\target\classes\spring-hibernate.xml]
[INFO][2017-05-01 16:19:20,412][org.springframework.beans.factory.xml.XmlBeanDefinitionReader]Loading XML bean definitions from file [D:\java\workspace\eclipse\myapp\target\classes\spring-mvc.xml]
[INFO][2017-05-01 16:19:20,828][org.springframework.context.support.PropertySourcesPlaceholderConfigurer]Loading properties file from class path resource [config.properties]
[INFO][2017-05-01 16:19:20,844][org.springframework.beans.factory.annotation.AutowiredAnnotationBeanPostProcessor]JSR-330 'javax.inject.Inject' annotation found and supported for autowiring
[ERROR][2017-05-01 16:19:21,055][com.alibaba.druid.pool.DruidAbstractDataSource]maxIdle is deprecated
[INFO][2017-05-01 16:19:21,097][com.alibaba.druid.pool.DruidDataSource]{dataSource-1} inited
[INFO][2017-05-01 16:19:21,224][org.hibernate.Version]HHH000412: Hibernate Core {5.1.4.Final}
[INFO][2017-05-01 16:19:21,227][org.hibernate.cfg.Environment]HHH000206: hibernate.properties not found
[INFO][2017-05-01 16:19:21,228][org.hibernate.cfg.Environment]HHH000021: Bytecode provider name : javassist
[INFO][2017-05-01 16:19:21,277][org.hibernate.annotations.common.Version]HCANN000001: Hibernate Commons Annotations {5.0.1.Final}
[INFO][2017-05-01 16:19:21,619][org.hibernate.dialect.Dialect]HHH000400: Using dialect: org.hibernate.dialect.MySQLDialect
[INFO][2017-05-01 16:19:22,534][org.springframework.orm.hibernate5.HibernateTransactionManager]Using DataSource [{
	CreateTime:"2017-05-01 16:19:21",
	ActiveCount:0,
	PoolingCount:1,
	CreateCount:1,
	DestroyCount:0,
	CloseCount:2,
	ConnectCount:2,
	Connections:[
		{ID:840252350, ConnectTime:"2017-05-01 16:19:21", UseCount:2, LastActiveTime:"2017-05-01 16:19:22"}
	]
}] of Hibernate SessionFactory for HibernateTransactionManager
[INFO][2017-05-01 16:19:22,699][org.springframework.web.servlet.mvc.method.annotation.RequestMappingHandlerMapping]Mapped "{[/main]}" onto public org.springframework.web.servlet.ModelAndView com.myapp.controller.MainController.toMain()
[INFO][2017-05-01 16:19:22,992][org.springframework.web.servlet.mvc.method.annotation.RequestMappingHandlerAdapter]Looking for @ControllerAdvice: Root WebApplicationContext: startup date [Mon May 01 16:19:20 CST 2017]; root of context hierarchy
[INFO][2017-05-01 16:19:23,044][org.springframework.web.servlet.mvc.method.annotation.RequestMappingHandlerAdapter]Looking for @ControllerAdvice: Root WebApplicationContext: startup date [Mon May 01 16:19:20 CST 2017]; root of context hierarchy
[INFO][2017-05-01 16:19:23,176][org.springframework.web.servlet.handler.SimpleUrlHandlerMapping]Mapped URL path [/**] onto handler 'org.springframework.web.servlet.resource.DefaultServletHttpRequestHandler#0'
[INFO][2017-05-01 16:19:23,203][org.springframework.web.servlet.handler.SimpleUrlHandlerMapping]Mapped URL path [/assets/**] onto handler 'org.springframework.web.servlet.resource.ResourceHttpRequestHandler#0'
[INFO][2017-05-01 16:19:23,320][org.springframework.web.context.ContextLoader]Root WebApplicationContext: initialization completed in 3311 ms
[INFO][2017-05-01 16:19:23,371][org.springframework.web.servlet.DispatcherServlet]FrameworkServlet 'springMVC': initialization started
[INFO][2017-05-01 16:19:23,374][org.springframework.web.context.support.XmlWebApplicationContext]Refreshing WebApplicationContext for namespace 'springMVC-servlet': startup date [Mon May 01 16:19:23 CST 2017]; parent: Root WebApplicationContext
[INFO][2017-05-01 16:19:23,374][org.springframework.beans.factory.xml.XmlBeanDefinitionReader]Loading XML bean definitions from class path resource [spring-mvc.xml]
[INFO][2017-05-01 16:19:23,432][org.springframework.beans.factory.annotation.AutowiredAnnotationBeanPostProcessor]JSR-330 'javax.inject.Inject' annotation found and supported for autowiring
[INFO][2017-05-01 16:19:23,469][org.springframework.web.servlet.mvc.method.annotation.RequestMappingHandlerMapping]Mapped "{[/main]}" onto public org.springframework.web.servlet.ModelAndView com.myapp.controller.MainController.toMain()
[INFO][2017-05-01 16:19:23,503][org.springframework.web.servlet.mvc.method.annotation.RequestMappingHandlerAdapter]Looking for @ControllerAdvice: WebApplicationContext for namespace 'springMVC-servlet': startup date [Mon May 01 16:19:23 CST 2017]; parent: Root WebApplicationContext
[INFO][2017-05-01 16:19:23,521][org.springframework.web.servlet.mvc.method.annotation.RequestMappingHandlerAdapter]Looking for @ControllerAdvice: WebApplicationContext for namespace 'springMVC-servlet': startup date [Mon May 01 16:19:23 CST 2017]; parent: Root WebApplicationContext
[INFO][2017-05-01 16:19:23,559][org.springframework.web.servlet.handler.SimpleUrlHandlerMapping]Mapped URL path [/**] onto handler 'org.springframework.web.servlet.resource.DefaultServletHttpRequestHandler#0'
[INFO][2017-05-01 16:19:23,566][org.springframework.web.servlet.handler.SimpleUrlHandlerMapping]Mapped URL path [/assets/**] onto handler 'org.springframework.web.servlet.resource.ResourceHttpRequestHandler#0'
[INFO][2017-05-01 16:19:23,617][org.springframework.web.servlet.DispatcherServlet]FrameworkServlet 'springMVC': initialization completed in 245 ms
[INFO][2017-05-01 16:23:19,329][org.springframework.web.context.ContextLoader]Root WebApplicationContext: initialization started
[INFO][2017-05-01 16:23:19,369][org.springframework.web.context.support.XmlWebApplicationContext]Refreshing Root WebApplicationContext: startup date [Mon May 01 16:23:19 CST 2017]; root of context hierarchy
[INFO][2017-05-01 16:23:19,407][org.springframework.beans.factory.xml.XmlBeanDefinitionReader]Loading XML bean definitions from file [D:\java\workspace\eclipse\myapp\target\classes\spring-context.xml]
[INFO][2017-05-01 16:23:19,475][org.springframework.beans.factory.xml.XmlBeanDefinitionReader]Loading XML bean definitions from file [D:\java\workspace\eclipse\myapp\target\classes\spring-hibernate.xml]
[INFO][2017-05-01 16:23:19,638][org.springframework.beans.factory.xml.XmlBeanDefinitionReader]Loading XML bean definitions from file [D:\java\workspace\eclipse\myapp\target\classes\spring-mvc.xml]
[INFO][2017-05-01 16:23:19,905][org.springframework.context.support.PropertySourcesPlaceholderConfigurer]Loading properties file from class path resource [config.properties]
[INFO][2017-05-01 16:23:19,913][org.springframework.beans.factory.annotation.AutowiredAnnotationBeanPostProcessor]JSR-330 'javax.inject.Inject' annotation found and supported for autowiring
[ERROR][2017-05-01 16:23:20,146][com.alibaba.druid.pool.DruidAbstractDataSource]maxIdle is deprecated
[INFO][2017-05-01 16:23:20,187][com.alibaba.druid.pool.DruidDataSource]{dataSource-1} inited
[INFO][2017-05-01 16:23:20,308][org.hibernate.Version]HHH000412: Hibernate Core {5.1.4.Final}
[INFO][2017-05-01 16:23:20,310][org.hibernate.cfg.Environment]HHH000206: hibernate.properties not found
[INFO][2017-05-01 16:23:20,311][org.hibernate.cfg.Environment]HHH000021: Bytecode provider name : javassist
[INFO][2017-05-01 16:23:20,357][org.hibernate.annotations.common.Version]HCANN000001: Hibernate Commons Annotations {5.0.1.Final}
[INFO][2017-05-01 16:23:20,770][org.hibernate.dialect.Dialect]HHH000400: Using dialect: org.hibernate.dialect.MySQLDialect
[INFO][2017-05-01 16:23:21,642][org.springframework.orm.hibernate5.HibernateTransactionManager]Using DataSource [{
	CreateTime:"2017-05-01 16:23:20",
	ActiveCount:0,
	PoolingCount:1,
	CreateCount:1,
	DestroyCount:0,
	CloseCount:2,
	ConnectCount:2,
	Connections:[
		{ID:1212782393, ConnectTime:"2017-05-01 16:23:20", UseCount:2, LastActiveTime:"2017-05-01 16:23:21"}
	]
}] of Hibernate SessionFactory for HibernateTransactionManager
[INFO][2017-05-01 16:23:21,804][org.springframework.web.servlet.mvc.method.annotation.RequestMappingHandlerMapping]Mapped "{[/main]}" onto public org.springframework.web.servlet.ModelAndView com.myapp.controller.MainController.toMain()
[INFO][2017-05-01 16:23:22,087][org.springframework.web.servlet.mvc.method.annotation.RequestMappingHandlerAdapter]Looking for @ControllerAdvice: Root WebApplicationContext: startup date [Mon May 01 16:23:19 CST 2017]; root of context hierarchy
[INFO][2017-05-01 16:23:22,137][org.springframework.web.servlet.mvc.method.annotation.RequestMappingHandlerAdapter]Looking for @ControllerAdvice: Root WebApplicationContext: startup date [Mon May 01 16:23:19 CST 2017]; root of context hierarchy
[INFO][2017-05-01 16:23:22,218][org.springframework.web.servlet.handler.SimpleUrlHandlerMapping]Mapped URL path [/**] onto handler 'org.springframework.web.servlet.resource.DefaultServletHttpRequestHandler#0'
[INFO][2017-05-01 16:23:22,239][org.springframework.web.servlet.handler.SimpleUrlHandlerMapping]Mapped URL path [/assets/**] onto handler 'org.springframework.web.servlet.resource.ResourceHttpRequestHandler#0'
[INFO][2017-05-01 16:23:22,366][org.springframework.web.context.ContextLoader]Root WebApplicationContext: initialization completed in 3036 ms
[INFO][2017-05-01 16:23:22,421][org.springframework.web.servlet.DispatcherServlet]FrameworkServlet 'springMVC': initialization started
[INFO][2017-05-01 16:23:22,425][org.springframework.web.context.support.XmlWebApplicationContext]Refreshing WebApplicationContext for namespace 'springMVC-servlet': startup date [Mon May 01 16:23:22 CST 2017]; parent: Root WebApplicationContext
[INFO][2017-05-01 16:23:22,425][org.springframework.beans.factory.xml.XmlBeanDefinitionReader]Loading XML bean definitions from class path resource [spring-mvc.xml]
[INFO][2017-05-01 16:23:22,467][org.springframework.beans.factory.annotation.AutowiredAnnotationBeanPostProcessor]JSR-330 'javax.inject.Inject' annotation found and supported for autowiring
[INFO][2017-05-01 16:23:22,510][org.springframework.web.servlet.mvc.method.annotation.RequestMappingHandlerMapping]Mapped "{[/main]}" onto public org.springframework.web.servlet.ModelAndView com.myapp.controller.MainController.toMain()
[INFO][2017-05-01 16:23:22,551][org.springframework.web.servlet.mvc.method.annotation.RequestMappingHandlerAdapter]Looking for @ControllerAdvice: WebApplicationContext for namespace 'springMVC-servlet': startup date [Mon May 01 16:23:22 CST 2017]; parent: Root WebApplicationContext
[INFO][2017-05-01 16:23:22,571][org.springframework.web.servlet.mvc.method.annotation.RequestMappingHandlerAdapter]Looking for @ControllerAdvice: WebApplicationContext for namespace 'springMVC-servlet': startup date [Mon May 01 16:23:22 CST 2017]; parent: Root WebApplicationContext
[INFO][2017-05-01 16:23:22,611][org.springframework.web.servlet.handler.SimpleUrlHandlerMapping]Mapped URL path [/**] onto handler 'org.springframework.web.servlet.resource.DefaultServletHttpRequestHandler#0'
[INFO][2017-05-01 16:23:22,620][org.springframework.web.servlet.handler.SimpleUrlHandlerMapping]Mapped URL path [/assets/**] onto handler 'org.springframework.web.servlet.resource.ResourceHttpRequestHandler#0'
[INFO][2017-05-01 16:23:22,684][org.springframework.web.servlet.DispatcherServlet]FrameworkServlet 'springMVC': initialization completed in 262 ms
[INFO][2017-05-01 16:27:18,253][org.springframework.web.context.ContextLoader]Root WebApplicationContext: initialization started
[INFO][2017-05-01 16:27:18,298][org.springframework.web.context.support.XmlWebApplicationContext]Refreshing Root WebApplicationContext: startup date [Mon May 01 16:27:18 CST 2017]; root of context hierarchy
[INFO][2017-05-01 16:27:18,342][org.springframework.beans.factory.xml.XmlBeanDefinitionReader]Loading XML bean definitions from file [D:\java\workspace\eclipse\myapp\target\classes\spring-context.xml]
[INFO][2017-05-01 16:27:18,415][org.springframework.beans.factory.xml.XmlBeanDefinitionReader]Loading XML bean definitions from file [D:\java\workspace\eclipse\myapp\target\classes\spring-hibernate.xml]
[INFO][2017-05-01 16:27:18,590][org.springframework.beans.factory.xml.XmlBeanDefinitionReader]Loading XML bean definitions from file [D:\java\workspace\eclipse\myapp\target\classes\spring-mvc.xml]
[INFO][2017-05-01 16:27:18,856][org.springframework.context.support.PropertySourcesPlaceholderConfigurer]Loading properties file from class path resource [config.properties]
[INFO][2017-05-01 16:27:18,870][org.springframework.beans.factory.annotation.AutowiredAnnotationBeanPostProcessor]JSR-330 'javax.inject.Inject' annotation found and supported for autowiring
[ERROR][2017-05-01 16:27:19,110][com.alibaba.druid.pool.DruidAbstractDataSource]maxIdle is deprecated
[INFO][2017-05-01 16:27:19,149][com.alibaba.druid.pool.DruidDataSource]{dataSource-1} inited
[INFO][2017-05-01 16:27:19,259][org.hibernate.Version]HHH000412: Hibernate Core {5.1.4.Final}
[INFO][2017-05-01 16:27:19,260][org.hibernate.cfg.Environment]HHH000206: hibernate.properties not found
[INFO][2017-05-01 16:27:19,261][org.hibernate.cfg.Environment]HHH000021: Bytecode provider name : javassist
[INFO][2017-05-01 16:27:19,308][org.hibernate.annotations.common.Version]HCANN000001: Hibernate Commons Annotations {5.0.1.Final}
[INFO][2017-05-01 16:27:19,757][org.hibernate.dialect.Dialect]HHH000400: Using dialect: org.hibernate.dialect.MySQLDialect
[INFO][2017-05-01 16:27:20,714][org.springframework.orm.hibernate5.HibernateTransactionManager]Using DataSource [{
	CreateTime:"2017-05-01 16:27:19",
	ActiveCount:0,
	PoolingCount:1,
	CreateCount:1,
	DestroyCount:0,
	CloseCount:2,
	ConnectCount:2,
	Connections:[
		{ID:1117812847, ConnectTime:"2017-05-01 16:27:19", UseCount:2, LastActiveTime:"2017-05-01 16:27:20"}
	]
}] of Hibernate SessionFactory for HibernateTransactionManager
[INFO][2017-05-01 16:27:20,874][org.springframework.web.servlet.mvc.method.annotation.RequestMappingHandlerMapping]Mapped "{[/main]}" onto public org.springframework.web.servlet.ModelAndView com.myapp.controller.MainController.toMain()
[INFO][2017-05-01 16:27:21,159][org.springframework.web.servlet.mvc.method.annotation.RequestMappingHandlerAdapter]Looking for @ControllerAdvice: Root WebApplicationContext: startup date [Mon May 01 16:27:18 CST 2017]; root of context hierarchy
[INFO][2017-05-01 16:27:21,214][org.springframework.web.servlet.mvc.method.annotation.RequestMappingHandlerAdapter]Looking for @ControllerAdvice: Root WebApplicationContext: startup date [Mon May 01 16:27:18 CST 2017]; root of context hierarchy
[INFO][2017-05-01 16:27:21,290][org.springframework.web.servlet.handler.SimpleUrlHandlerMapping]Mapped URL path [/**] onto handler 'org.springframework.web.servlet.resource.DefaultServletHttpRequestHandler#0'
[INFO][2017-05-01 16:27:21,308][org.springframework.web.servlet.handler.SimpleUrlHandlerMapping]Mapped URL path [/assets/**] onto handler 'org.springframework.web.servlet.resource.ResourceHttpRequestHandler#0'
[INFO][2017-05-01 16:27:21,413][org.springframework.web.context.ContextLoader]Root WebApplicationContext: initialization completed in 3159 ms
[INFO][2017-05-01 16:27:21,465][org.springframework.web.servlet.DispatcherServlet]FrameworkServlet 'springMVC': initialization started
[INFO][2017-05-01 16:27:21,467][org.springframework.web.context.support.XmlWebApplicationContext]Refreshing WebApplicationContext for namespace 'springMVC-servlet': startup date [Mon May 01 16:27:21 CST 2017]; parent: Root WebApplicationContext
[INFO][2017-05-01 16:27:21,468][org.springframework.beans.factory.xml.XmlBeanDefinitionReader]Loading XML bean definitions from class path resource [spring-mvc.xml]
[INFO][2017-05-01 16:27:21,508][org.springframework.beans.factory.annotation.AutowiredAnnotationBeanPostProcessor]JSR-330 'javax.inject.Inject' annotation found and supported for autowiring
[INFO][2017-05-01 16:27:21,548][org.springframework.web.servlet.mvc.method.annotation.RequestMappingHandlerMapping]Mapped "{[/main]}" onto public org.springframework.web.servlet.ModelAndView com.myapp.controller.MainController.toMain()
[INFO][2017-05-01 16:27:21,590][org.springframework.web.servlet.mvc.method.annotation.RequestMappingHandlerAdapter]Looking for @ControllerAdvice: WebApplicationContext for namespace 'springMVC-servlet': startup date [Mon May 01 16:27:21 CST 2017]; parent: Root WebApplicationContext
[INFO][2017-05-01 16:27:21,615][org.springframework.web.servlet.mvc.method.annotation.RequestMappingHandlerAdapter]Looking for @ControllerAdvice: WebApplicationContext for namespace 'springMVC-servlet': startup date [Mon May 01 16:27:21 CST 2017]; parent: Root WebApplicationContext
[INFO][2017-05-01 16:27:21,659][org.springframework.web.servlet.handler.SimpleUrlHandlerMapping]Mapped URL path [/**] onto handler 'org.springframework.web.servlet.resource.DefaultServletHttpRequestHandler#0'
[INFO][2017-05-01 16:27:21,668][org.springframework.web.servlet.handler.SimpleUrlHandlerMapping]Mapped URL path [/assets/**] onto handler 'org.springframework.web.servlet.resource.ResourceHttpRequestHandler#0'
[INFO][2017-05-01 16:27:21,725][org.springframework.web.servlet.DispatcherServlet]FrameworkServlet 'springMVC': initialization completed in 260 ms
